[2022-08-15 00:29:24,171] {scheduler_job.py:155} INFO - Started process (PID=16349) to work on /home/rturek2/gitprojekty/airflow1/dags/hello.py
[2022-08-15 00:29:24,173] {scheduler_job.py:1573} INFO - Processing file /home/rturek2/gitprojekty/airflow1/dags/hello.py for tasks to queue
[2022-08-15 00:29:24,173] {logging_mixin.py:120} INFO - [2022-08-15 00:29:24,173] {dagbag.py:417} INFO - Filling up the DagBag from /home/rturek2/gitprojekty/airflow1/dags/hello.py
[2022-08-15 00:29:24,177] {scheduler_job.py:1585} INFO - DAG(s) dict_keys(['hello_world']) retrieved from /home/rturek2/gitprojekty/airflow1/dags/hello.py
[2022-08-15 00:29:24,182] {logging_mixin.py:120} INFO - [2022-08-15 00:29:24,182] {dag.py:1520} INFO - Creating ORM DAG for hello_world
[2022-08-15 00:29:24,197] {scheduler_job.py:163} INFO - Processing /home/rturek2/gitprojekty/airflow1/dags/hello.py took 0.026 seconds
[2022-08-15 00:30:16,226] {scheduler_job.py:155} INFO - Started process (PID=16509) to work on /home/rturek2/gitprojekty/airflow1/dags/hello.py
[2022-08-15 00:30:16,228] {scheduler_job.py:1573} INFO - Processing file /home/rturek2/gitprojekty/airflow1/dags/hello.py for tasks to queue
[2022-08-15 00:30:16,228] {logging_mixin.py:120} INFO - [2022-08-15 00:30:16,228] {dagbag.py:417} INFO - Filling up the DagBag from /home/rturek2/gitprojekty/airflow1/dags/hello.py
[2022-08-15 00:30:16,232] {scheduler_job.py:1585} INFO - DAG(s) dict_keys(['hello_world']) retrieved from /home/rturek2/gitprojekty/airflow1/dags/hello.py
[2022-08-15 00:30:16,254] {scheduler_job.py:163} INFO - Processing /home/rturek2/gitprojekty/airflow1/dags/hello.py took 0.028 seconds
[2022-08-15 00:31:08,293] {scheduler_job.py:155} INFO - Started process (PID=16639) to work on /home/rturek2/gitprojekty/airflow1/dags/hello.py
[2022-08-15 00:31:08,295] {scheduler_job.py:1573} INFO - Processing file /home/rturek2/gitprojekty/airflow1/dags/hello.py for tasks to queue
[2022-08-15 00:31:08,295] {logging_mixin.py:120} INFO - [2022-08-15 00:31:08,295] {dagbag.py:417} INFO - Filling up the DagBag from /home/rturek2/gitprojekty/airflow1/dags/hello.py
[2022-08-15 00:31:08,299] {scheduler_job.py:1585} INFO - DAG(s) dict_keys(['hello_world']) retrieved from /home/rturek2/gitprojekty/airflow1/dags/hello.py
[2022-08-15 00:31:08,320] {scheduler_job.py:163} INFO - Processing /home/rturek2/gitprojekty/airflow1/dags/hello.py took 0.027 seconds
[2022-08-15 00:32:00,382] {scheduler_job.py:155} INFO - Started process (PID=16763) to work on /home/rturek2/gitprojekty/airflow1/dags/hello.py
[2022-08-15 00:32:00,383] {scheduler_job.py:1573} INFO - Processing file /home/rturek2/gitprojekty/airflow1/dags/hello.py for tasks to queue
[2022-08-15 00:32:00,384] {logging_mixin.py:120} INFO - [2022-08-15 00:32:00,384] {dagbag.py:417} INFO - Filling up the DagBag from /home/rturek2/gitprojekty/airflow1/dags/hello.py
[2022-08-15 00:32:00,388] {scheduler_job.py:1585} INFO - DAG(s) dict_keys(['hello_world']) retrieved from /home/rturek2/gitprojekty/airflow1/dags/hello.py
[2022-08-15 00:32:00,407] {scheduler_job.py:163} INFO - Processing /home/rturek2/gitprojekty/airflow1/dags/hello.py took 0.025 seconds
[2022-08-15 00:32:52,426] {scheduler_job.py:155} INFO - Started process (PID=16923) to work on /home/rturek2/gitprojekty/airflow1/dags/hello.py
[2022-08-15 00:32:52,428] {scheduler_job.py:1573} INFO - Processing file /home/rturek2/gitprojekty/airflow1/dags/hello.py for tasks to queue
[2022-08-15 00:32:52,428] {logging_mixin.py:120} INFO - [2022-08-15 00:32:52,428] {dagbag.py:417} INFO - Filling up the DagBag from /home/rturek2/gitprojekty/airflow1/dags/hello.py
[2022-08-15 00:32:52,432] {scheduler_job.py:1585} INFO - DAG(s) dict_keys(['hello_world']) retrieved from /home/rturek2/gitprojekty/airflow1/dags/hello.py
[2022-08-15 00:32:52,454] {scheduler_job.py:163} INFO - Processing /home/rturek2/gitprojekty/airflow1/dags/hello.py took 0.028 seconds
[2022-08-15 00:33:44,493] {scheduler_job.py:155} INFO - Started process (PID=17083) to work on /home/rturek2/gitprojekty/airflow1/dags/hello.py
[2022-08-15 00:33:44,494] {scheduler_job.py:1573} INFO - Processing file /home/rturek2/gitprojekty/airflow1/dags/hello.py for tasks to queue
[2022-08-15 00:33:44,495] {logging_mixin.py:120} INFO - [2022-08-15 00:33:44,495] {dagbag.py:417} INFO - Filling up the DagBag from /home/rturek2/gitprojekty/airflow1/dags/hello.py
[2022-08-15 00:33:44,499] {scheduler_job.py:1585} INFO - DAG(s) dict_keys(['hello_world']) retrieved from /home/rturek2/gitprojekty/airflow1/dags/hello.py
[2022-08-15 00:33:44,520] {scheduler_job.py:163} INFO - Processing /home/rturek2/gitprojekty/airflow1/dags/hello.py took 0.027 seconds
[2022-08-15 00:34:36,581] {scheduler_job.py:155} INFO - Started process (PID=17242) to work on /home/rturek2/gitprojekty/airflow1/dags/hello.py
[2022-08-15 00:34:36,583] {scheduler_job.py:1573} INFO - Processing file /home/rturek2/gitprojekty/airflow1/dags/hello.py for tasks to queue
[2022-08-15 00:34:36,583] {logging_mixin.py:120} INFO - [2022-08-15 00:34:36,583] {dagbag.py:417} INFO - Filling up the DagBag from /home/rturek2/gitprojekty/airflow1/dags/hello.py
[2022-08-15 00:34:36,587] {scheduler_job.py:1585} INFO - DAG(s) dict_keys(['hello_world']) retrieved from /home/rturek2/gitprojekty/airflow1/dags/hello.py
[2022-08-15 00:34:36,608] {scheduler_job.py:163} INFO - Processing /home/rturek2/gitprojekty/airflow1/dags/hello.py took 0.027 seconds
